<?xml version="1.0" encoding="UTF-8"?>
<!-- Generated by org.testng.reporters.JUnitReportReporter -->
<testsuite hostname="Piyush" failures="0" tests="1" name="Demo.thmarch2023testng.AppTest" time="0.002" errors="0" timestamp="2023-06-22T07:39:52 IST" skipped="0">
  <testcase classname="Demo.thmarch2023testng.AppTest" name="testApp" time="0.002"/>
  <system-out/>
</testsuite> <!-- Demo.thmarch2023testng.AppTest -->
