<?xml version="1.0" encoding="UTF-8"?>
<!-- Generated by org.testng.reporters.JUnitReportReporter -->
<testsuite hostname="Piyush" failures="0" tests="2" name="Demo.thmarch2023testng.Test1" time="0.006" errors="0" timestamp="2023-06-22T07:39:52 IST" skipped="0">
  <testcase classname="Demo.thmarch2023testng.Test1" name="method1" time="0.005"/>
  <system-out/>
  <testcase classname="Demo.thmarch2023testng.Test1" name="method2" time="0.001"/>
  <system-out/>
</testsuite> <!-- Demo.thmarch2023testng.Test1 -->
